0:102  0:102  MemLog inited, TSC freq: 2593998103
0:102  0:000  
0:102  0:000  Now is 23.10.2017,  3:12:7 (GMT)
0:102  0:000  Starting Clover revision: 4189 on Lenovo EFI
0:102  0:000  Build with: [Args: -mc --no-usb -D NO_GRUB_DRIVERS_EMBEDDED -D CHECK_FLAGS -t XCODE8 | -D DISABLE_USB_SUPPORT -D NO_GRUB_DRIVERS_EMBEDDED -D CHECK_FLAGS -D USE_BIOS_BLOCKIO -D USE_LOW_EBDA -a X64 -b RELEASE -t XCODE8 -n 5 | OS: 10.13 | XCODE: 8.3.3]
0:102  0:000  SelfDevicePath=PciRoot(0x0)\Pci(0x1F,0x2)\Sata(0x0,0x0,0x0)\HD(2,GPT,D3D45A10-59D1-4DFD-8C96-9F20744B1B2F,0x1F4800,0x82000) @B42A1F98
0:102  0:000  SelfDirPath = \EFI\BOOT
0:102  0:000  === [ Get Smbios ] ========================================
0:109  0:006  Type 16 Index = 0
0:109  0:000  Total Memory Slots Count = 2
0:109  0:000  Type 17 Index = 0
0:109  0:000  SmbiosTable.Type17->Speed = 1600MHz
0:109  0:000  SmbiosTable.Type17->Size = 4096MB
0:109  0:000  SmbiosTable.Type17->Bank/Device = BANK 0 ChannelA-DIMM0
0:109  0:000  SmbiosTable.Type17->Vendor = Hynix/Hyundai
0:109  0:000  SmbiosTable.Type17->SerialNumber = 278B8A41
0:109  0:000  SmbiosTable.Type17->PartNumber = HMT451S6BFR8A-PB  
0:109  0:000  Type 17 Index = 1
0:109  0:000  SmbiosTable.Type17->Speed = 1600MHz
0:109  0:000  SmbiosTable.Type17->Size = 4096MB
0:109  0:000  SmbiosTable.Type17->Bank/Device = BANK 2 ChannelB-DIMM0
0:109  0:000  SmbiosTable.Type17->Vendor = Hynix/Hyundai
0:109  0:000  SmbiosTable.Type17->SerialNumber = 277B8A39
0:109  0:000  SmbiosTable.Type17->PartNumber = HMT451S6BFR8A-PB  
0:109  0:000  Boot status=0
0:109  0:000  Running on: '20C6A0ELCD' with board '20C6A0ELCD'
0:109  0:000  === [ GetCPUProperties ] ==================================
0:109  0:000  CPU Vendor = 756E6547 Model=306C3
0:109  0:000   The CPU supported SSE4.1
0:109  0:000   The CPU supported turbo
0:109  0:000  BrandString = Intel(R) Core(TM) i5-4210M CPU @ 2.60GHz
0:109  0:000  MSR 0xE2 before patch 1E008405
0:109  0:000  MSR 0xE2 is locked, PM patches will be turned on
0:109  0:000  MSR 0xCE              00080838_F3011A00
0:109  0:000  MSR 0x1A0             00850089
0:109  0:000  corrected FLEX_RATIO = 0
0:109  0:000  MSR 0x1B0             00000000
0:109  0:000  FSBFrequency = 100 MHz, DMI FSBFrequency = 100 MHz, Corrected FSBFrequency = 100 MHz
0:109  0:000  MaxDiv/MinDiv: 26.0/8
0:109  0:000  Turbo: 31/31/31/32
0:109  0:000  Features: 0xBFEBFBFF
0:109  0:000  Threads: 4
0:109  0:000  Cores: 2
0:109  0:000  FSB: 100 MHz
0:109  0:000  CPU: 2600 MHz
0:109  0:000  TSC: 2600 MHz
0:109  0:000  PIS: 100 MHz
0:109  0:000  ExternalClock: 25 MHz
0:109  0:000  === [ GetDevices ] ========================================
0:109  0:000  PCI (00|00:14.00) : 8086 8C31 class=0C0330
0:109  0:000  PCI (00|00:1C.04) : 8086 8C18 class=060400
0:109  0:000  PCI (00|05:00.00) : 8086 08B2 class=028000
0:109  0:000   - WIFI: Vendor=Intel
0:109  0:000  PCI (00|00:02.00) : 8086 0416 class=030000
0:109  0:000   - GFX: Model=Intel HD Graphics 4600 (Intel)
0:109  0:000  PCI (00|00:1F.00) : 8086 8C4B class=060100
0:109  0:000  PCI (00|00:1D.00) : 8086 8C26 class=0C0320
0:109  0:000  PCI (00|00:01.00) : 8086 0C01 class=060400
0:109  0:000  PCI (00|00:03.00) : 8086 0C0C class=040300
0:109  0:000  PCI (00|00:1C.00) : 8086 8C10 class=060400
0:109  0:000  PCI (00|00:1C.02) : 8086 8C14 class=060400
0:110  0:000  PCI (00|00:1C.03) : 8086 8C16 class=060400
0:110  0:000  PCI (00|00:1F.02) : 8086 8C03 class=010601
0:110  0:000  PCI (00|00:1A.00) : 8086 8C2D class=0C0320
0:110  0:000  PCI (00|00:00.00) : 8086 0C04 class=060000
0:110  0:000  PCI (00|01:00.00) : 10DE 1341 class=030200
0:110  0:000  PCI (00|00:16.00) : 8086 8C3A class=078000
0:110  0:000  PCI (00|00:16.01) : FFFF FFFF class=FFFFFF
0:110  0:000  PCI (00|00:1B.00) : 8086 8C20 class=040300
0:110  0:000  PCI (00|03:00.00) : 10EC 5227 class=FF0000
0:110  0:000  PCI (00|04:00.00) : 10EC 8168 class=020000
0:110  0:000   - LAN: 0 Vendor=Realtek
0:110  0:000  PCI (00|00:1F.03) : 8086 8C22 class=0C0500
0:110  0:000  PCI (00|00:1F.06) : FFFF FFFF class=FFFFFF
0:110  0:000  === [ GetDefaultSettings ] ================================
0:110  0:000  Clover load options size = 0 bytes
0:123  0:013  EFI\CLOVER\config.plist loaded: Success
0:123  0:000  === [ GetListOfThemes ] ===================================
0:126  0:002  - [00]: SimpleThemeDark
0:126  0:000  - [01]: maverickslogin
0:134  0:007  - [02]: embedded
0:145  0:011  - [02]: random
0:146  0:000  - [02]: Yosemite
0:165  0:019  === [ Found config plists ] ===============================
0:165  0:000  - config.plist
0:165  0:000  - confighotpatch.plist
0:165  0:000  === [ GetEarlyUserSettings ] ==============================
0:165  0:000  timeout set to 5
0:165  0:000  Custom boot CUSTOM_BOOT_DISABLED (0x0)
0:165  0:000  ForceKextsToLoad: 1 requested
0:165  0:000   - [0]: System\Library\Extensions\IONetworkingFamily.kext
0:165  0:000  Default theme: Yosemite
0:165  0:000  Hiding entries with string Recovery HD
0:165  0:000  Hiding entries with string BOOTX64.EFI
0:165  0:000  ** Warning: unknown custom entry Type 'Other'
0:165  0:000  === [ LoadDrivers ] =======================================
0:178  0:013  Loading AppleImageCodec-64.efi  status=Success
0:179  0:000  Loading HFSPlus.efi  status=Success
0:179  0:000   - driver needs connecting
0:179  0:000  Loading apfs.efi  status=Success
0:191  0:011   - driver needs connecting
0:191  0:000  Loading AppleKeyAggregator-64.efi  status=Success
0:191  0:000  Loading AppleUITheme-64.efi  status=Success
0:192  0:000  Loading CsmVideoDxe-64.efi  status=Success
0:192  0:000   - driver needs connecting
0:192  0:000  Loading DataHubDxe-64.efi  status=Success
0:198  0:005  Loading EmuVariableUefi-64.efi  status=Success
0:198  0:000  EmuVariableUefi Initialize: VariableCommonInitialize = Success, orig services stored, install gEmuVariableControlProtocolGuid = Success
0:198  0:000  Loading Fat-64.efi  status=Success
0:198  0:000   - driver needs connecting
0:198  0:000  Loading FSInject-64.efi  status=Success
0:198  0:000  Loading OsxAptioFix2Drv-64.efi  status=Success
0:199  0:000  Loading OsxFatBinaryDrv-64.efi  status=Success
0:199  0:000  Loading PartitionDxe-64.efi  status=Success
0:200  0:000   - driver needs connecting
0:200  0:000  Loading SMCHelper-64.efi  status=Success
0:200  0:000  5 drivers needs connecting ...
0:200  0:000  PlatformDriverOverrideProtocol not found. Installing ... Success
0:200  0:000  Partition driver loaded: CD disconnect Success
0:200  0:000  HFS+ driver loaded
0:200  0:000  APFS driver loaded
0:200  0:000  Video driver loaded: disconnect Success
0:466  0:266  Searching for invalid DiskIo BY_DRIVER connects: not found, all ok
2:701  2:234  EmuVariable InstallEmulation: orig vars copied, emu.var.services installed, CreateEvent VirtualAddressChange = Success, CreateEvent ExitBootServices = Success, set Status=Success
2:744  0:043  === [ InitScreen ] ========================================
2:744  0:000  Console modes reported: 6, available modes:
2:744  0:000   - [01]: 80x25
2:744  0:000   - [03]: 170x40 (current mode)
2:744  0:000   - [04]: 80x25
2:744  0:000   - [05]: 100x31
2:744  0:000   - [06]: 128x40
2:744  0:000  SetScreenResolution: 1366x768 - already set
2:764  0:019  reinit: self device path=PciRoot(0x0)\Pci(0x1F,0x2)\Sata(0x0,0x0,0x0)\HD(2,GPT,D3D45A10-59D1-4DFD-8C96-9F20744B1B2F,0x1F4800,0x82000)
2:765  0:000  Using embedded font: Success
2:766  0:000  === [ GetMacAddress ] =====================================
2:766  0:000  MAC address of LAN #0= 68:F7:28:2E:98:E2:
2:766  0:000  MAC address of LAN #1= 68:F7:28:2E:98:E2:
2:766  0:000  MAC address of LAN #2= 68:F7:28:2E:98:E2:
2:766  0:000  === [ ScanSPD ] ===========================================
2:766  0:000  SMBus device : 8086 8C22 class=0C0500 status=Success
2:766  0:000  SMBus CmdReg: 0x3
2:766  0:000  Scanning SMBus [8086:8C22], mmio: 0xF2618004, ioport: 0xEFA0, hostc: 0x1
2:766  0:000  Slots to scan [8]...
2:766  0:000  SPD[0]: Type 11 @0x50
2:785  0:018  Not using XMP because it is not present
2:785  0:000  DDR speed 1600MHz
2:785  0:000  Slot: 0 Type 24 4096MB 1600MHz Vendor=SK Hynix PartNo=HMT451S6BFR8A-PBN0 SerialNo=0207080B080A0401
2:785  0:000  SPD[2]: Type 11 @0x52
2:812  0:026  Not using XMP because it is not present
2:812  0:000  DDR speed 1600MHz
2:812  0:000  Slot: 2 Type 24 4096MB 1600MHz Vendor=SK Hynix PartNo=HMT451S6BFR8A-PBN0 SerialNo=0207070B080A0309
2:813  0:000  SPD[4]: Type 82 @0x54
2:813  0:000  SPD[5]: Type 82 @0x55
2:814  0:000  SPD[6]: Type 78 @0x56
2:814  0:000  === [ GetAcpiTablesList ] =================================
2:828  0:013  Get Acpi Tables List from RSDT:
2:828  0:000   - [00]: FACP  TP-J9    len=116
2:828  0:000   - [01]: DBGP  TP-J9    len=52
2:828  0:000   - [02]: ECDT  TP-J9    len=82
2:828  0:000   - [03]: HPET  TP-J9    len=56
2:828  0:000   - [04]: APIC  TP-J9    len=152
2:828  0:000   - [05]: MCFG  TP-J9    len=60
2:828  0:000   - [06]: SSDT  TP-SSDT1 len=51
2:828  0:000   - [07]: SSDT  TP-SSDT2 len=1103
2:828  0:000   - [08]: SSDT  SataAhci len=2336
2:828  0:000   - [09]: SSDT  Cpu0Ist len=1934
2:828  0:000   - [10]: SSDT  CpuPm len=2776
2:828  0:000   - [11]: SSDT  SaSsdt  len=4602
2:828  0:000   - [12]: SSDT  CppcTabl len=889
2:828  0:000   - [13]: PCCT  TP-J9    len=110
2:828  0:000   - [14]: SSDT  Cpc_Tabl len=2756
2:828  0:000   - [15]: UEFI  TP-J9    len=66
2:828  0:000   - [16]: MSDM  TP-J9    len=85
2:828  0:000   - [17]: ASF!  TP-J9    len=165
2:828  0:000   - [18]: BATB  TP-J9    len=70
2:828  0:000   - [19]: FPDT  TP-J9    len=100
2:828  0:000   - [20]: UEFI  TP-J9    len=738
2:828  0:000   - [21]: BGRT  TP-J9    len=56
2:828  0:000  Calibrated TSC Frequency = 2593998103 = 2593MHz
2:828  0:000  === [ GetUserSettings ] ===================================
2:828  0:000  USB FixOwnership: no
2:828  0:000  Dropping 8 tables:
2:828  0:000   - [00]: Drop table  signature="SSDT" (54445353) table-id="Cpu0Ist" (0074734930757043)
2:828  0:000           - set table: 54445353,   74734930757043 to drop: yes
2:828  0:000   - [01]: Drop table  signature="DMAR" (52414D44)
2:828  0:000           - set table: 52414D44,                0 to drop: no
2:828  0:000   - [02]: Drop table  signature="SSDT" (54445353) table-id="ApCst" (0000007473437041)
2:828  0:000           - set table: 54445353,       7473437041 to drop: no
2:828  0:000   - [03]: Drop table  signature="SSDT" (54445353) table-id="Cpu0Cst" (0074734330757043)
2:828  0:000           - set table: 54445353,   74734330757043 to drop: no
2:828  0:000   - [04]: Drop table  signature="SSDT" (54445353) table-id="ApIst" (0000007473497041)
2:828  0:000           - set table: 54445353,       7473497041 to drop: no
2:828  0:000   - [05]: Drop table  signature="SSDT" (54445353) table-id="CpuPm" (0000006D50757043)
2:828  0:000           - set table: 54445353,       6D50757043 to drop: yes
2:828  0:000   - [06]: Drop table  signature="SSDT" (54445353) table-id="CpuSsdt" (0074647353757043)
2:828  0:000           - set table: 54445353,   74647353757043 to drop: no
2:828  0:000   - [07]: Drop table  signature="SSDT" (54445353) table-id="ProjSSdt" (746453536A6F7250)
2:828  0:000           - set table: 54445353, 746453536A6F7250 to drop: no
2:828  0:000   - final DSDT Fix mask=00260050
2:828  0:000  PatchesDSDT: 67 requested
2:828  0:000   - [00]: (LPC to LPCB for WTX#1) lenToFind: 5, lenToReplace: 5
2:828  0:000   - [01]: (LPC to LPCB for WTX#2) lenToFind: 5, lenToReplace: 5
2:828  0:000   - [02]: (LPC to LPCB for WTX#3) lenToFind: 12, lenToReplace: 12
2:828  0:000   - [03]: (SAT1 to SATA for  WTX#1) lenToFind: 12, lenToReplace: 12
2:828  0:000   - [04]: (SAT1 to SATA for  WTX#2) lenToFind: 14, lenToReplace: 14
2:828  0:000   - [05]: (SAT1 to SATA for  WTX#3) lenToFind: 14, lenToReplace: 14
2:828  0:000   - [06]: (XHCI to XHC #1) lenToFind: 6, lenToReplace: 6
2:828  0:000   - [07]: (XHCI to XHC #2) lenToFind: 8, lenToReplace: 8
2:828  0:000   - [08]: (Mutex MDGS to zero0%) lenToFind: 7, lenToReplace: 7
2:828  0:000   - [09]: (Mutex MCPU to zero0%) lenToFind: 7, lenToReplace: 7
2:828  0:000   - [10]: (Mutex BATM to zero0%) lenToFind: 7, lenToReplace: 7
2:828  0:000   - [11]: (Mutex XDHK to zero0%) lenToFind: 7, lenToReplace: 7
2:828  0:000   - [12]: (Mutex BFWM to zero0%) lenToFind: 7, lenToReplace: 7
2:828  0:000   - [13]: (_DSM to XDSM) lenToFind: 4, lenToReplace: 4
2:828  0:000   - [14]: (_OSI to XOSI) lenToFind: 4, lenToReplace: 4
2:828  0:000   - [15]: (PCI.VID to PCI.IGPU#1) lenToFind: 8, lenToReplace: 8
2:828  0:000   - [16]: (PCI.VID to PCI.IGPU#2) lenToFind: 14, lenToReplace: 14
2:828  0:000   - [17]: (GFX0 to IGPU) lenToFind: 4, lenToReplace: 4
2:828  0:000   - [18]: (_Q6A to XQ6A(FN+F4)) lenToFind: 4, lenToReplace: 4
2:828  0:000   - [19]: (_Q13 to XQ13(FN+F4)) lenToFind: 4, lenToReplace: 4
2:828  0:000   - [20]: (_Q14 to XQ14(FN+F8)) lenToFind: 4, lenToReplace: 4
2:828  0:000   - [21]: (_Q15 to XQ15(FN+F9)) lenToFind: 4, lenToReplace: 4
2:828  0:000   - [22]: (_Q19 to XQ19(Vantage)) lenToFind: 4, lenToReplace: 4
2:828  0:000   - [23]: (_PTS to ZPTS(shut)) lenToFind: 5, lenToReplace: 5
2:828  0:000   - [24]: (_WAK to ZWAK(wake)) lenToFind: 5, lenToReplace: 5
2:828  0:000   - [25]: (_WAK09 to ZWAK09(wake)) lenToFind: 5, lenToReplace: 5
2:828  0:000   - [26]: (battery GBIF03 to XBIF03) lenToFind: 5, lenToReplace: 5
2:828  0:000   - [27]: (battery GBST04 to XBST04) lenToFind: 5, lenToReplace: 5
2:828  0:000   - [28]: (battery GBIX03 to XBIX03) lenToFind: 5, lenToReplace: 5
2:828  0:000   - [29]: (battery SBMN to BMNX 128) lenToFind: 5, lenToReplace: 5
2:828  0:000   - [30]: (battery SBDN to BDNX 128) lenToFind: 5, lenToReplace: 5
2:828  0:000   - [31]: (_PRW 0d04 to _PRW 00(HDEF IBGE )) lenToFind: 11, lenToReplace: 11
2:828  0:000   - [32]: (_PRW 0d03 to _PRW 00(eh1 eh2 xhc)) lenToFind: 11, lenToReplace: 11
2:828  0:000   - [33]: (_PRW 6d04 to _PRW 00(IBGE ) for X260 T440) lenToFind: 11, lenToReplace: 11
2:828  0:000   - [34]: (_PRW 6d03 to _PRW 00(xhc) for X260 T440S 470S) lenToFind: 11, lenToReplace: 11
2:828  0:000   - [35]: (_PRW 6d03 to _PRW 00(xhc Ehc1) for T440) lenToFind: 11, lenToReplace: 11
2:828  0:000   - [36]: (GPRW to ZPRW) lenToFind: 5, lenToReplace: 5
2:828  0:000   - [37]: (UPRW to ZPRW) lenToFind: 7, lenToReplace: 7
2:828  0:000   - [38]: (disable SD) lenToFind: 8, lenToReplace: 8
2:828  0:000   - [39]: (EHC1 to EH01) lenToFind: 4, lenToReplace: 4
2:828  0:000   - [40]: (EHC2 to EH02) lenToFind: 4, lenToReplace: 4
2:828  0:000   - [41]: (EC0 to EC__) lenToFind: 4, lenToReplace: 4
2:828  0:000   - [42]: (LID0 to LID_) lenToFind: 4, lenToReplace: 4
2:828  0:000   - [43]: (SMBU to SBUS) lenToFind: 4, lenToReplace: 4
2:828  0:000   - [44]: (HECI to IMEI) lenToFind: 4, lenToReplace: 4
2:828  0:000   - [45]: (B0D3 to HDAU) lenToFind: 4, lenToReplace: 4
2:828  0:000   - [46]: (HDAS to HDEF) lenToFind: 4, lenToReplace: 4
2:828  0:000   - [47]: (AZAL to HDEF) lenToFind: 4, lenToReplace: 4
2:828  0:000   - [48]: (IGBE to GLAN) lenToFind: 4, lenToReplace: 4
2:828  0:000   - [49]: (KBD to PS2K) lenToFind: 4, lenToReplace: 4
2:828  0:000   - [50]: (KBC0 to PS2K) lenToFind: 4, lenToReplace: 4
2:828  0:000   - [51]: (ACAD to AC__) lenToFind: 4, lenToReplace: 4
2:828  0:000   - [52]: (battery2_STA to XSTA#1) lenToFind: 20, lenToReplace: 20
2:828  0:000   - [53]: (battery2_STA to XSTA#2) lenToFind: 17, lenToReplace: 17
2:828  0:000   - [54]: (battery2_STA to XSTA#3) lenToFind: 19, lenToReplace: 19
2:828  0:000   - [55]: (SAT0 to SATA) lenToFind: 4, lenToReplace: 4
2:828  0:000   - [56]: (_LID to XLID) lenToFind: 6, lenToReplace: 6
2:828  0:000   - [57]: (_Q2B to XQ2B) lenToFind: 4, lenToReplace: 4
2:828  0:000    patch disabled at config
2:828  0:000   - [58]: (BAT1 to BAT0 S2#1) lenToFind: 5, lenToReplace: 5
2:828  0:000   - [59]: (BAT1 to BAT0 S2#2) lenToFind: 6, lenToReplace: 6
2:828  0:000   - [60]: (BAT1 to BAT0 S2#3) lenToFind: 8, lenToReplace: 8
2:828  0:000   - [61]: (BAT1 to BAT0 S2#4) lenToFind: 8, lenToReplace: 8
2:828  0:000   - [62]: (BAT1 to BAT0 S2#5) lenToFind: 9, lenToReplace: 9
2:828  0:000   - [63]: (BAT1 to BAT0 S2#6) lenToFind: 9, lenToReplace: 9
2:828  0:000   - [64]: (ESEL to ZSEL) lenToFind: 5, lenToReplace: 5
2:828  0:000   - [65]: (XSEL to ZSEL) lenToFind: 5, lenToReplace: 5
2:828  0:000   - [66]: (XWAK to ZWAK) lenToFind: 5, lenToReplace: 5
2:828  0:000  PluginType: 1
2:828  0:000  Using ProductName from config
2:828  0:000  ProductName: MacBookAir6,2
2:828  0:000  BiosVersion: not set, Using BiosVersion from clover
2:828  0:000  BiosVersion: MBA61.88Z.0103.B00.1708080653
2:828  0:000  BiosReleaseDate: 08/08/2017
2:828  0:000  Using latest FirmwareFeatures from config
2:828  0:000  FirmwareFeatures: 0xF80FE137
2:828  0:000  Found same FirmwareFeaturesMask in clover and config
2:828  0:000  FirmwareFeaturesMask: 0xFF1FFF3F
2:828  0:000  Using PlatformFeature from clover
2:828  0:000  PlatformFeature: 0xFFFF
2:828  0:000  Converted CustomUUID E76C8D41-D253-44BD-97B9-50126FE9FDCE
2:894  0:065  === [ ScanVolumes ] =======================================
2:894  0:000  Found 19 volumes with blockIO
2:894  0:000  - [00]: Volume: PciRoot(0x0)\Pci(0x1F,0x2)\Sata(0x0,0x0,0x0)
2:904  0:009          Result of bootcode detection: bootable unknown (legacy)
2:904  0:000  - [01]: Volume: PciRoot(0x0)\Pci(0x1F,0x2)\Sata(0x2,0x0,0x0)
2:904  0:000          Found optical drive
2:904  0:000  - [02]: Volume: PciRoot(0x0)\Pci(0x1F,0x2)\Sata(0x0,0x0,0x0)\HD(1,GPT,08C1C3D5-0A80-4A71-8E56-65A259E0407B,0x800,0x1F4000)
2:911  0:007          Result of bootcode detection: bootable Windows (vista,win)
2:911  0:000  - [03]: Volume: PciRoot(0x0)\Pci(0x1F,0x2)\Sata(0x0,0x0,0x0)\HD(2,GPT,D3D45A10-59D1-4DFD-8C96-9F20744B1B2F,0x1F4800,0x82000)
2:920  0:008          Result of bootcode detection: bootable unknown (legacy)
2:922  0:002          This is SelfVolume !!
2:922  0:000  - [04]: Volume: PciRoot(0x0)\Pci(0x1F,0x2)\Sata(0x0,0x0,0x0)\HD(3,GPT,36CB0172-EB41-425C-B0C8-1AD8292AD8D3,0x276800,0x40000)
2:925  0:002  - [05]: Volume: PciRoot(0x0)\Pci(0x1F,0x2)\Sata(0x0,0x0,0x0)\HD(4,GPT,9C5929A9-60EE-4275-9AB1-06EA7D31F061,0x2B6800,0x145CF9DD)
2:932  0:006          Result of bootcode detection: bootable Windows (vista,win)
2:932  0:000  - [06]: Volume: PciRoot(0x0)\Pci(0x1F,0x2)\Sata(0x0,0x0,0x0)\HD(5,GPT,BFA55E0D-F703-4DFA-8209-BEEC6B19A652,0x14886800,0x800)
2:940  0:008          Result of bootcode detection: bootable unknown (legacy)
2:940  0:000  - [07]: Volume: PciRoot(0x0)\Pci(0x1F,0x2)\Sata(0x0,0x0,0x0)\HD(6,GPT,CEDC8266-483C-44AC-B7E9-F480300EDCDA,0x14887000,0x102C6800)
2:950  0:010  - [08]: Volume: PciRoot(0x0)\Pci(0x1F,0x2)\Sata(0x0,0x0,0x0)\HD(7,GPT,54B107EB-1048-4343-8FC0-58FEF88955F8,0x24B4D800,0xF69000)
2:959  0:008  - [09]: Volume: PciRoot(0x0)\Pci(0x1F,0x2)\Sata(0x0,0x0,0x0)\HD(8,GPT,1EBD4947-D949-4684-AEA4-142C36B94C9B,0x25AB6800,0x18E88000)
2:970  0:011          Result of bootcode detection: bootable unknown (legacy)
2:970  0:000  - [10]: Volume: PciRoot(0x0)\Pci(0x1F,0x2)\Sata(0x0,0x0,0x0)\HD(9,GPT,D8F529B6-FF89-4409-BEEE-F843EA7CCC34,0x3E97E800,0x138800)
2:989  0:019  - [11]: Volume: PciRoot(0x0)\Pci(0x1F,0x2)\Sata(0x0,0x0,0x0)\HD(10,GPT,58589D1A-F4DF-4796-B08B-A184C5E5116B,0x3EAB7000,0x18ECA8E0)
2:999  0:009  - [12]: Volume: PciRoot(0x0)\Pci(0x1F,0x2)\Sata(0x0,0x0,0x0)\HD(11,GPT,3DA97C6C-42FB-4377-892C-336FDE4204B4,0x579818E0,0x135F20)
3:019  0:020          hiding this volume
3:019  0:000  - [13]: Volume: PciRoot(0x0)\Pci(0x1F,0x2)\Sata(0x0,0x0,0x0)\HD(12,GPT,FAD9D93B-A4AE-4387-9FF3-414C890133AA,0x57AB7800,0x1CB19668)
3:029  0:010  - [14]: Volume: PciRoot(0x0)\Pci(0x1F,0x2)\Sata(0x0,0x0,0x0)\HD(13,GPT,6A332886-E290-4DA6-8FEF-F34355F4917B,0x745D0E68,0x135F20)
3:044  0:014          hiding this volume
3:044  0:000  - [15]: Volume: PciRoot(0x0)\Pci(0x1F,0x2)\Sata(0x0,0x0,0x0)\HD(8,GPT,1EBD4947-D949-4684-AEA4-142C36B94C9B,0x25AB6800,0x18E88000)\VenMedia(BE74FCF7-0B7C-49F3-9147-01F4042E6842,4727C9E0C9AE0E42999380EFDD649131)
3:044  0:000  - [16]: Volume: PciRoot(0x0)\Pci(0x1F,0x2)\Sata(0x0,0x0,0x0)\HD(8,GPT,1EBD4947-D949-4684-AEA4-142C36B94C9B,0x25AB6800,0x18E88000)\VenMedia(BE74FCF7-0B7C-49F3-9147-01F4042E6842,38447262D1CA464A93CFFF8C2406B1F3)
3:044  0:000  - [17]: Volume: PciRoot(0x0)\Pci(0x1F,0x2)\Sata(0x0,0x0,0x0)\HD(8,GPT,1EBD4947-D949-4684-AEA4-142C36B94C9B,0x25AB6800,0x18E88000)\VenMedia(BE74FCF7-0B7C-49F3-9147-01F4042E6842,7733B3743983D54D93CE719CFE613420)
3:044  0:000  - [18]: Volume: PciRoot(0x0)\Pci(0x1F,0x2)\Sata(0x0,0x0,0x0)\HD(8,GPT,1EBD4947-D949-4684-AEA4-142C36B94C9B,0x25AB6800,0x18E88000)\VenMedia(BE74FCF7-0B7C-49F3-9147-01F4042E6842,C03E0AC52D3FF24090BA0A2E214E6A93)
3:069  0:025  PutNvramPlistToRtVars: nvram.plist not found
3:069  0:000  === [ InitTheme ] =========================================
3:069  0:000  Using theme 'Yosemite' (EFI\CLOVER\themes\Yosemite)
3:069  0:000  OS main and drive as badge
3:099  0:029  Loading font from ThemeDir: Success
3:099  0:000  Choosing theme Yosemite
3:099  0:000  after NVRAM boot-args=kext-dev-mode=1 -lilubeta -igdvmtbeta -igfxbeta abm_firstpolldelay=16000
3:099  0:000  === [ Dump SMC keys from NVRAM ] ==========================
3:099  0:000  found AppleSMC protocol
3:100  0:000  === [ AddCustomEntries ] ==================================
3:100  0:000  Custom entry 0 skipped because it is disabled.
3:100  0:000  === [ ScanLoader ] ========================================
3:100  0:000  - [03]: 'EFI'
3:123  0:023          AddLoaderEntry for Volume Name=EFI
3:123  0:000      Not match custom entry 0: Type: not match
3:134  0:010  not png, try icns
3:136  0:001  not png, try icns
3:136  0:000  - [11]: 'Sierra'
3:181  0:044          AddLoaderEntry for Volume Name=Sierra
3:181  0:000      Not match custom entry 0: Type: not match
3:217  0:036      hibernated: set as never
3:259  0:041  not png, try icns
3:259  0:000          [!] Icon 17 (icons\vol_internal_hfs.icns) not found (path: EFI\CLOVER\themes\Yosemite)
3:261  0:002  not png, try icns
3:262  0:000  - [12]: 'Recovery HD', hidden
3:262  0:000  - [13]: 'HighSierra'
3:326  0:064          AddLoaderEntry for Volume Name=HighSierra
3:326  0:000      Not match custom entry 0: Type: not match
3:371  0:045      hibernated: set as never
3:371  0:000  not png, try icns
3:372  0:000  - [14]: 'Recovery HD', hidden
3:372  0:000  - [15]: 'Preboot'
3:398  0:025          AddLoaderEntry for Volume Name=Preboot
3:398  0:000      Not match custom entry 0: Type: not match
3:422  0:024      hibernated: set as never
3:423  0:000  not png, try icns
3:424  0:001  - [16]: 'APFS'
3:673  0:248          AddLoaderEntry for Volume Name=APFS
3:673  0:000      Not match custom entry 0: Type: not match
3:733  0:060      hibernated: set as never
3:733  0:000  not png, try icns
3:805  0:072  - [17]: 'Recovery'
3:807  0:001          AddLoaderEntry for Volume Name=Recovery
3:807  0:000      Not match custom entry 0: Type: not match
3:824  0:016  not png, try icns
3:862  0:038  not png, try icns
3:863  0:001  - [18]: 'VM'
3:863  0:000  Scanning legacy ...
3:863  0:000   2: 'Legacy HD1' (vista,win) add legacy
3:863  0:000  not png, try icns
3:864  0:000   added 'Boot Windows from Legacy HD1' OSType=2 Icon=vista,win
3:864  0:000   5: 'Legacy HD4' (vista,win) add legacy
3:864  0:000  not png, try icns
3:864  0:000   added 'Boot Windows from Legacy HD4' OSType=2 Icon=vista,win
3:864  0:000  === [ AddCustomTool ] =====================================
3:875  0:011  found tool \EFI\CLOVER\tools\Shell64U.efi
3:875  0:000  Checking EFI partition Volume 3 for Clover
3:875  0:000   Found Clover
3:883  0:007  EmuVariable UninstallEmulation: CloseEvent = Success, original var services restored
3:931  0:048  EmuVariable InstallEmulation: orig vars copied, emu.var.services installed, CreateEvent VirtualAddressChange = Success, CreateEvent ExitBootServices = Success, set Status=Success
3:975  0:044  === [ GetEfiBootDeviceFromNvram ] =========================
3:975  0:000   - found entry 4. 'Boot macOS from APFS', Volume 'APFS', DevicePath 'PciRoot(0x0)\Pci(0x1F,0x2)\Sata(0x0,0x0,0x0)\HD(8,GPT,1EBD4947-D949-4684-AEA4-142C36B94C9B,0x25AB6800,0x18E88000)\VenMedia(BE74FCF7-0B7C-49F3-9147-01F4042E6842,38447262D1CA464A93CFFF8C2406B1F3)\System\Library\CoreServices\boot.efii'
3:975  0:000  EmuVariable UninstallEmulation: CloseEvent = Success, original var services restored
3:975  0:000  DefaultIndex=4 and MainMenu.EntryCount=14
4:458  0:482  GUI ready
